2023-04-04T12:24:50.768+05:30  INFO 6984 --- [main] c.p.G2PatientInfoServiceApplicationTests : Starting G2PatientInfoServiceApplicationTests using Java 17.0.5 with PID 6984 (started by Noorullah Ansari in C:\sts-workspace\g2-patient-info-service)
2023-04-04T12:24:50.776+05:30  INFO 6984 --- [main] c.p.G2PatientInfoServiceApplicationTests : No active profile set, falling back to 1 default profile: "default"
2023-04-04T12:24:52.610+05:30  INFO 6984 --- [main] .s.d.r.c.RepositoryConfigurationDelegate : Bootstrapping Spring Data JPA repositories in DEFAULT mode.
2023-04-04T12:24:52.814+05:30  INFO 6984 --- [main] .s.d.r.c.RepositoryConfigurationDelegate : Finished Spring Data repository scanning in 190 ms. Found 1 JPA repository interfaces.
2023-04-04T12:24:53.520+05:30  INFO 6984 --- [main] o.s.cloud.context.scope.GenericScope     : BeanFactory id=7354e5fc-5c90-383c-bdac-d77a3654fe5f
2023-04-04T12:24:53.763+05:30  INFO 6984 --- [main] trationDelegate$BeanPostProcessorChecker : Bean 'org.springframework.ws.config.annotation.DelegatingWsConfiguration' of type [org.springframework.ws.config.annotation.DelegatingWsConfiguration$$SpringCGLIB$$0] is not eligible for getting processed by all BeanPostProcessors (for example: not eligible for auto-proxying)
2023-04-04T12:24:53.865+05:30  INFO 6984 --- [main] .w.s.a.s.AnnotationActionEndpointMapping : Supporting [WS-Addressing August 2004, WS-Addressing 1.0]
2023-04-04T12:24:54.238+05:30  INFO 6984 --- [main] trationDelegate$BeanPostProcessorChecker : Bean 'org.springframework.cloud.client.loadbalancer.reactive.LoadBalancerBeanPostProcessorAutoConfiguration' of type [org.springframework.cloud.client.loadbalancer.reactive.LoadBalancerBeanPostProcessorAutoConfiguration] is not eligible for getting processed by all BeanPostProcessors (for example: not eligible for auto-proxying)
2023-04-04T12:24:54.246+05:30  INFO 6984 --- [main] trationDelegate$BeanPostProcessorChecker : Bean 'org.springframework.cloud.client.loadbalancer.reactive.LoadBalancerBeanPostProcessorAutoConfiguration$ReactorDeferringLoadBalancerFilterConfig' of type [org.springframework.cloud.client.loadbalancer.reactive.LoadBalancerBeanPostProcessorAutoConfiguration$ReactorDeferringLoadBalancerFilterConfig] is not eligible for getting processed by all BeanPostProcessors (for example: not eligible for auto-proxying)
2023-04-04T12:24:54.251+05:30  INFO 6984 --- [main] trationDelegate$BeanPostProcessorChecker : Bean 'reactorDeferringLoadBalancerExchangeFilterFunction' of type [org.springframework.cloud.client.loadbalancer.reactive.DeferringLoadBalancerExchangeFilterFunction] is not eligible for getting processed by all BeanPostProcessors (for example: not eligible for auto-proxying)
2023-04-04T12:24:55.117+05:30  INFO 6984 --- [main] com.zaxxer.hikari.HikariDataSource       : HikariPool-1 - Starting...
2023-04-04T12:24:55.695+05:30  INFO 6984 --- [main] com.zaxxer.hikari.pool.HikariPool        : HikariPool-1 - Added connection com.mysql.cj.jdbc.ConnectionImpl@18ff753c
2023-04-04T12:24:55.699+05:30  INFO 6984 --- [main] com.zaxxer.hikari.HikariDataSource       : HikariPool-1 - Start completed.
2023-04-04T12:24:55.732+05:30  INFO 6984 --- [main] SQL dialect                              : HHH000400: Using dialect: org.hibernate.dialect.MySQL8Dialect
2023-04-04T12:24:57.011+05:30  INFO 6984 --- [main] j.LocalContainerEntityManagerFactoryBean : Initialized JPA EntityManagerFactory for persistence unit 'default'
2023-04-04T12:24:58.427+05:30  WARN 6984 --- [main] JpaBaseConfiguration$JpaWebConfiguration : spring.jpa.open-in-view is enabled by default. Therefore, database queries may be performed during view rendering. Explicitly configure spring.jpa.open-in-view to disable this warning
2023-04-04T12:25:03.476+05:30  WARN 6984 --- [main] iguration$LoadBalancerCaffeineWarnLogger : Spring Cloud LoadBalancer is currently working with the default cache. While this cache implementation is useful for development and tests, it's recommended to use Caffeine cache in production.You can switch to using Caffeine cache, by adding it and org.springframework.cache.caffeine.CaffeineCacheManager to the classpath.
2023-04-04T12:25:03.498+05:30  INFO 6984 --- [main] o.s.b.a.e.web.EndpointLinksResolver      : Exposing 1 endpoint(s) beneath base path '/actuator'
2023-04-04T12:25:03.658+05:30  INFO 6984 --- [main] c.p.G2PatientInfoServiceApplicationTests : Started G2PatientInfoServiceApplicationTests in 13.415 seconds (process running for 14.608)
2023-04-04T12:25:04.249+05:30  INFO 6984 --- [SpringApplicationShutdownHook] j.LocalContainerEntityManagerFactoryBean : Closing JPA EntityManagerFactory for persistence unit 'default'
2023-04-04T12:25:04.258+05:30  INFO 6984 --- [SpringApplicationShutdownHook] com.zaxxer.hikari.HikariDataSource       : HikariPool-1 - Shutdown initiated...
2023-04-04T12:25:04.273+05:30  INFO 6984 --- [SpringApplicationShutdownHook] com.zaxxer.hikari.HikariDataSource       : HikariPool-1 - Shutdown completed.
2023-04-04T12:25:08.984+05:30  INFO 23292 --- [restartedMain] c.pms.G2PatientInfoServiceApplication    : Starting G2PatientInfoServiceApplication using Java 17.0.5 with PID 23292 (C:\sts-workspace\g2-patient-info-service\target\classes started by Noorullah Ansari in C:\sts-workspace\g2-patient-info-service)
2023-04-04T12:25:08.987+05:30  INFO 23292 --- [restartedMain] c.pms.G2PatientInfoServiceApplication    : No active profile set, falling back to 1 default profile: "default"
2023-04-04T12:25:09.047+05:30  INFO 23292 --- [restartedMain] .e.DevToolsPropertyDefaultsPostProcessor : For additional web related logging consider setting the 'logging.level.web' property to 'DEBUG'
2023-04-04T12:25:10.231+05:30  INFO 23292 --- [restartedMain] .s.d.r.c.RepositoryConfigurationDelegate : Bootstrapping Spring Data JPA repositories in DEFAULT mode.
2023-04-04T12:25:10.366+05:30  INFO 23292 --- [restartedMain] .s.d.r.c.RepositoryConfigurationDelegate : Finished Spring Data repository scanning in 128 ms. Found 1 JPA repository interfaces.
2023-04-04T12:25:10.748+05:30  INFO 23292 --- [restartedMain] o.s.cloud.context.scope.GenericScope     : BeanFactory id=39f1e4aa-b31c-36b3-8127-8dffcb8cf511
2023-04-04T12:25:10.861+05:30  INFO 23292 --- [restartedMain] trationDelegate$BeanPostProcessorChecker : Bean 'org.springframework.ws.config.annotation.DelegatingWsConfiguration' of type [org.springframework.ws.config.annotation.DelegatingWsConfiguration$$SpringCGLIB$$0] is not eligible for getting processed by all BeanPostProcessors (for example: not eligible for auto-proxying)
2023-04-04T12:25:10.893+05:30  INFO 23292 --- [restartedMain] .w.s.a.s.AnnotationActionEndpointMapping : Supporting [WS-Addressing August 2004, WS-Addressing 1.0]
2023-04-04T12:25:11.101+05:30  INFO 23292 --- [restartedMain] trationDelegate$BeanPostProcessorChecker : Bean 'org.springframework.cloud.client.loadbalancer.reactive.LoadBalancerBeanPostProcessorAutoConfiguration' of type [org.springframework.cloud.client.loadbalancer.reactive.LoadBalancerBeanPostProcessorAutoConfiguration] is not eligible for getting processed by all BeanPostProcessors (for example: not eligible for auto-proxying)
2023-04-04T12:25:11.105+05:30  INFO 23292 --- [restartedMain] trationDelegate$BeanPostProcessorChecker : Bean 'org.springframework.cloud.client.loadbalancer.reactive.LoadBalancerBeanPostProcessorAutoConfiguration$ReactorDeferringLoadBalancerFilterConfig' of type [org.springframework.cloud.client.loadbalancer.reactive.LoadBalancerBeanPostProcessorAutoConfiguration$ReactorDeferringLoadBalancerFilterConfig] is not eligible for getting processed by all BeanPostProcessors (for example: not eligible for auto-proxying)
2023-04-04T12:25:11.109+05:30  INFO 23292 --- [restartedMain] trationDelegate$BeanPostProcessorChecker : Bean 'reactorDeferringLoadBalancerExchangeFilterFunction' of type [org.springframework.cloud.client.loadbalancer.reactive.DeferringLoadBalancerExchangeFilterFunction] is not eligible for getting processed by all BeanPostProcessors (for example: not eligible for auto-proxying)
2023-04-04T12:25:11.422+05:30  INFO 23292 --- [restartedMain] o.s.b.w.embedded.tomcat.TomcatWebServer  : Tomcat initialized with port(s): 9005 (http)
2023-04-04T12:25:11.432+05:30  INFO 23292 --- [restartedMain] o.apache.catalina.core.StandardService   : Starting service [Tomcat]
2023-04-04T12:25:11.432+05:30  INFO 23292 --- [restartedMain] o.apache.catalina.core.StandardEngine    : Starting Servlet engine: [Apache Tomcat/10.1.7]
2023-04-04T12:25:11.533+05:30  INFO 23292 --- [restartedMain] o.a.c.c.C.[Tomcat].[localhost].[/]       : Initializing Spring embedded WebApplicationContext
2023-04-04T12:25:11.533+05:30  INFO 23292 --- [restartedMain] w.s.c.ServletWebServerApplicationContext : Root WebApplicationContext: initialization completed in 2484 ms
2023-04-04T12:25:12.213+05:30  INFO 23292 --- [restartedMain] com.zaxxer.hikari.HikariDataSource       : HikariPool-1 - Starting...
2023-04-04T12:25:12.469+05:30  INFO 23292 --- [restartedMain] com.zaxxer.hikari.pool.HikariPool        : HikariPool-1 - Added connection com.mysql.cj.jdbc.ConnectionImpl@ee3f9f4
2023-04-04T12:25:12.472+05:30  INFO 23292 --- [restartedMain] com.zaxxer.hikari.HikariDataSource       : HikariPool-1 - Start completed.
2023-04-04T12:25:12.494+05:30  INFO 23292 --- [restartedMain] SQL dialect                              : HHH000400: Using dialect: org.hibernate.dialect.MySQL8Dialect
2023-04-04T12:25:13.271+05:30  INFO 23292 --- [restartedMain] j.LocalContainerEntityManagerFactoryBean : Initialized JPA EntityManagerFactory for persistence unit 'default'
2023-04-04T12:25:13.988+05:30  WARN 23292 --- [restartedMain] JpaBaseConfiguration$JpaWebConfiguration : spring.jpa.open-in-view is enabled by default. Therefore, database queries may be performed during view rendering. Explicitly configure spring.jpa.open-in-view to disable this warning
2023-04-04T12:25:16.912+05:30  INFO 23292 --- [restartedMain] o.s.b.d.a.OptionalLiveReloadServer       : LiveReload server is running on port 35729
2023-04-04T12:25:17.179+05:30  WARN 23292 --- [restartedMain] iguration$LoadBalancerCaffeineWarnLogger : Spring Cloud LoadBalancer is currently working with the default cache. While this cache implementation is useful for development and tests, it's recommended to use Caffeine cache in production.You can switch to using Caffeine cache, by adding it and org.springframework.cache.caffeine.CaffeineCacheManager to the classpath.
2023-04-04T12:25:17.190+05:30  INFO 23292 --- [restartedMain] o.s.b.a.e.web.EndpointLinksResolver      : Exposing 1 endpoint(s) beneath base path '/actuator'
2023-04-04T12:25:17.315+05:30  INFO 23292 --- [restartedMain] o.s.b.w.embedded.tomcat.TomcatWebServer  : Tomcat started on port(s): 9005 (http) with context path ''
2023-04-04T12:25:17.318+05:30  INFO 23292 --- [restartedMain] o.s.c.c.s.ConsulServiceRegistry          : Registering service with consul: NewService{id='g2-patient-info-service-9005', name='g2-patient-info-service', tags=[], address='host.docker.internal', meta={secure=false}, port=9005, enableTagOverride=null, check=Check{script='null', dockerContainerID='null', shell='null', interval='12s', ttl='null', http='http://host.docker.internal:9005/actuator/health', method='null', header={}, tcp='null', timeout='null', deregisterCriticalServiceAfter='null', tlsSkipVerify=null, status='null', grpc='null', grpcUseTLS=null}, checks=null}
2023-04-04T12:25:17.613+05:30  INFO 23292 --- [restartedMain] c.pms.G2PatientInfoServiceApplication    : Started G2PatientInfoServiceApplication in 9.098 seconds (process running for 9.798)
2023-04-04T12:25:18.519+05:30  INFO 23292 --- [RMI TCP Connection(3)-127.0.0.1] o.a.c.c.C.[Tomcat].[localhost].[/]       : Initializing Spring DispatcherServlet 'dispatcherServlet'
2023-04-04T12:25:18.520+05:30  INFO 23292 --- [RMI TCP Connection(3)-127.0.0.1] o.s.web.servlet.DispatcherServlet        : Initializing Servlet 'dispatcherServlet'
2023-04-04T12:25:18.524+05:30  INFO 23292 --- [RMI TCP Connection(3)-127.0.0.1] o.s.web.servlet.DispatcherServlet        : Completed initialization in 4 ms
2023-04-04T12:25:24.181+05:30  INFO 23292 --- [http-nio-9005-exec-9] o.springdoc.api.AbstractOpenApiResource  : Init duration for springdoc-openapi is: 618 ms
